2024-07-02 15:38:07 INFO  com.safetynetalerts.safetynet.SafetyNetAlertsApplication - Starting SafetyNetAlertsApplication using Java 17.0.11 with PID 22468 (C:\Users\miche\sts-workspace\SafetyNetAlerts\target\classes started by miche in C:\Users\miche\sts-workspace\SafetyNetAlerts)
2024-07-02 15:38:07 DEBUG com.safetynetalerts.safetynet.SafetyNetAlertsApplication - Running with Spring Boot v3.3.0, Spring v6.1.8
2024-07-02 15:38:07 INFO  com.safetynetalerts.safetynet.SafetyNetAlertsApplication - No active profile set, falling back to 1 default profile: "default"
2024-07-02 15:38:07 DEBUG org.springframework.boot.web.servlet.context.AnnotationConfigServletWebServerApplicationContext - Refreshing org.springframework.boot.web.servlet.context.AnnotationConfigServletWebServerApplicationContext@1a78dacd
2024-07-02 15:38:08 DEBUG org.springframework.boot.web.embedded.tomcat.TomcatServletWebServerFactory - Code archive: C:\Users\miche\.m2\repository\org\springframework\boot\spring-boot\3.3.0\spring-boot-3.3.0.jar
2024-07-02 15:38:08 DEBUG org.springframework.boot.web.embedded.tomcat.TomcatServletWebServerFactory - Code archive: C:\Users\miche\.m2\repository\org\springframework\boot\spring-boot\3.3.0\spring-boot-3.3.0.jar
2024-07-02 15:38:08 DEBUG org.springframework.boot.web.embedded.tomcat.TomcatServletWebServerFactory - None of the document roots [src/main/webapp, public, static] point to a directory and will be ignored.
2024-07-02 15:38:08 INFO  org.springframework.boot.web.embedded.tomcat.TomcatWebServer - Tomcat initialized with port 8080 (http)
2024-07-02 15:38:09 DEBUG org.springframework.boot.web.servlet.context.ServletWebServerApplicationContext - Published root WebApplicationContext as ServletContext attribute with name [org.springframework.web.context.WebApplicationContext.ROOT]
2024-07-02 15:38:09 INFO  org.springframework.boot.web.servlet.context.ServletWebServerApplicationContext - Root WebApplicationContext: initialization completed in 1206 ms
2024-07-02 15:38:09 DEBUG org.springframework.boot.web.servlet.ServletContextInitializerBeans - Mapping filters: webMvcObservationFilter urls=[/*] order=-2147483647, characterEncodingFilter urls=[/*] order=-2147483648, formContentFilter urls=[/*] order=-9900, requestContextFilter urls=[/*] order=-105
2024-07-02 15:38:09 DEBUG org.springframework.boot.web.servlet.ServletContextInitializerBeans - Mapping servlets: dispatcherServlet urls=[/]
2024-07-02 15:38:09 DEBUG org.springframework.boot.web.servlet.filter.OrderedRequestContextFilter - Filter 'requestContextFilter' configured for use
2024-07-02 15:38:09 DEBUG org.springframework.boot.web.servlet.filter.OrderedCharacterEncodingFilter - Filter 'characterEncodingFilter' configured for use
2024-07-02 15:38:09 DEBUG org.springframework.boot.web.servlet.filter.OrderedFormContentFilter - Filter 'formContentFilter' configured for use
2024-07-02 15:38:09 INFO  org.springframework.boot.web.embedded.tomcat.TomcatWebServer - Tomcat started on port 8080 (http) with context path '/'
2024-07-02 15:38:09 INFO  com.safetynetalerts.safetynet.SafetyNetAlertsApplication - Started SafetyNetAlertsApplication in 2.492 seconds (process running for 3.705)
2024-07-02 15:38:09 INFO  com.safetynetalerts.safetynet.SafetyNetAlertsApplication - Application started with Log4j2 configuration.
2024-07-02 15:39:08 DEBUG com.safetynetalerts.safetynet.controller.PersonController - Fetching all persons
2024-07-02 15:39:08 INFO  com.safetynetalerts.safetynet.controller.PersonController - Fetched all persons successfully
2024-07-02 15:43:10 DEBUG org.springframework.boot.web.servlet.context.AnnotationConfigServletWebServerApplicationContext - Closing org.springframework.boot.web.servlet.context.AnnotationConfigServletWebServerApplicationContext@1a78dacd, started on Tue Jul 02 15:38:07 CEST 2024
2024-07-02 16:25:00 INFO  com.safetynetalerts.safetynet.SafetyNetAlertsApplication - Starting SafetyNetAlertsApplication using Java 17.0.11 with PID 11248 (C:\Users\miche\sts-workspace\SafetyNetAlerts\target\classes started by miche in C:\Users\miche\sts-workspace\SafetyNetAlerts)
2024-07-02 16:25:00 DEBUG com.safetynetalerts.safetynet.SafetyNetAlertsApplication - Running with Spring Boot v3.3.0, Spring v6.1.8
2024-07-02 16:25:00 INFO  com.safetynetalerts.safetynet.SafetyNetAlertsApplication - No active profile set, falling back to 1 default profile: "default"
2024-07-02 16:25:00 DEBUG org.springframework.boot.web.servlet.context.AnnotationConfigServletWebServerApplicationContext - Refreshing org.springframework.boot.web.servlet.context.AnnotationConfigServletWebServerApplicationContext@100f9bbe
2024-07-02 16:25:01 DEBUG org.springframework.boot.web.embedded.tomcat.TomcatServletWebServerFactory - Code archive: C:\Users\miche\.m2\repository\org\springframework\boot\spring-boot\3.3.0\spring-boot-3.3.0.jar
2024-07-02 16:25:01 DEBUG org.springframework.boot.web.embedded.tomcat.TomcatServletWebServerFactory - Code archive: C:\Users\miche\.m2\repository\org\springframework\boot\spring-boot\3.3.0\spring-boot-3.3.0.jar
2024-07-02 16:25:01 DEBUG org.springframework.boot.web.embedded.tomcat.TomcatServletWebServerFactory - None of the document roots [src/main/webapp, public, static] point to a directory and will be ignored.
2024-07-02 16:25:01 INFO  org.springframework.boot.web.embedded.tomcat.TomcatWebServer - Tomcat initialized with port 8080 (http)
2024-07-02 16:25:01 DEBUG org.springframework.boot.web.servlet.context.ServletWebServerApplicationContext - Published root WebApplicationContext as ServletContext attribute with name [org.springframework.web.context.WebApplicationContext.ROOT]
2024-07-02 16:25:01 INFO  org.springframework.boot.web.servlet.context.ServletWebServerApplicationContext - Root WebApplicationContext: initialization completed in 1096 ms
2024-07-02 16:25:01 DEBUG org.springframework.boot.web.servlet.ServletContextInitializerBeans - Mapping filters: webMvcObservationFilter urls=[/*] order=-2147483647, characterEncodingFilter urls=[/*] order=-2147483648, formContentFilter urls=[/*] order=-9900, requestContextFilter urls=[/*] order=-105
2024-07-02 16:25:01 DEBUG org.springframework.boot.web.servlet.ServletContextInitializerBeans - Mapping servlets: dispatcherServlet urls=[/]
2024-07-02 16:25:01 DEBUG org.springframework.boot.web.servlet.filter.OrderedRequestContextFilter - Filter 'requestContextFilter' configured for use
2024-07-02 16:25:01 DEBUG org.springframework.boot.web.servlet.filter.OrderedCharacterEncodingFilter - Filter 'characterEncodingFilter' configured for use
2024-07-02 16:25:01 DEBUG org.springframework.boot.web.servlet.filter.OrderedFormContentFilter - Filter 'formContentFilter' configured for use
2024-07-02 16:25:02 INFO  org.springframework.boot.web.embedded.tomcat.TomcatWebServer - Tomcat started on port 8080 (http) with context path '/'
2024-07-02 16:25:02 INFO  com.safetynetalerts.safetynet.SafetyNetAlertsApplication - Started SafetyNetAlertsApplication in 2.267 seconds (process running for 3.259)
2024-07-02 16:25:02 INFO  com.safetynetalerts.safetynet.SafetyNetAlertsApplication - Application started with Log4j2 configuration.
2024-07-02 16:42:22 DEBUG org.springframework.boot.web.servlet.context.AnnotationConfigServletWebServerApplicationContext - Closing org.springframework.boot.web.servlet.context.AnnotationConfigServletWebServerApplicationContext@100f9bbe, started on Tue Jul 02 16:25:00 CEST 2024
2024-07-02 16:42:41 INFO  com.safetynetalerts.safetynet.SafetyNetAlertsApplication - Starting SafetyNetAlertsApplication using Java 17.0.11 with PID 25476 (C:\Users\miche\sts-workspace\SafetyNetAlerts\target\classes started by miche in C:\Users\miche\sts-workspace\SafetyNetAlerts)
2024-07-02 16:42:41 DEBUG com.safetynetalerts.safetynet.SafetyNetAlertsApplication - Running with Spring Boot v3.3.0, Spring v6.1.8
2024-07-02 16:42:41 INFO  com.safetynetalerts.safetynet.SafetyNetAlertsApplication - No active profile set, falling back to 1 default profile: "default"
2024-07-02 16:42:41 DEBUG org.springframework.boot.web.servlet.context.AnnotationConfigServletWebServerApplicationContext - Refreshing org.springframework.boot.web.servlet.context.AnnotationConfigServletWebServerApplicationContext@65e7f52a
2024-07-02 16:42:42 DEBUG org.springframework.boot.web.embedded.tomcat.TomcatServletWebServerFactory - Code archive: C:\Users\miche\.m2\repository\org\springframework\boot\spring-boot\3.3.0\spring-boot-3.3.0.jar
2024-07-02 16:42:42 DEBUG org.springframework.boot.web.embedded.tomcat.TomcatServletWebServerFactory - Code archive: C:\Users\miche\.m2\repository\org\springframework\boot\spring-boot\3.3.0\spring-boot-3.3.0.jar
2024-07-02 16:42:42 DEBUG org.springframework.boot.web.embedded.tomcat.TomcatServletWebServerFactory - None of the document roots [src/main/webapp, public, static] point to a directory and will be ignored.
2024-07-02 16:42:42 INFO  org.springframework.boot.web.embedded.tomcat.TomcatWebServer - Tomcat initialized with port 8080 (http)
2024-07-02 16:42:42 DEBUG org.springframework.boot.web.servlet.context.ServletWebServerApplicationContext - Published root WebApplicationContext as ServletContext attribute with name [org.springframework.web.context.WebApplicationContext.ROOT]
2024-07-02 16:42:42 INFO  org.springframework.boot.web.servlet.context.ServletWebServerApplicationContext - Root WebApplicationContext: initialization completed in 1110 ms
2024-07-02 16:42:42 DEBUG org.springframework.boot.web.servlet.ServletContextInitializerBeans - Mapping filters: webMvcObservationFilter urls=[/*] order=-2147483647, characterEncodingFilter urls=[/*] order=-2147483648, formContentFilter urls=[/*] order=-9900, requestContextFilter urls=[/*] order=-105
2024-07-02 16:42:42 DEBUG org.springframework.boot.web.servlet.ServletContextInitializerBeans - Mapping servlets: dispatcherServlet urls=[/]
2024-07-02 16:42:42 DEBUG org.springframework.boot.web.servlet.filter.OrderedRequestContextFilter - Filter 'requestContextFilter' configured for use
2024-07-02 16:42:42 DEBUG org.springframework.boot.web.servlet.filter.OrderedCharacterEncodingFilter - Filter 'characterEncodingFilter' configured for use
2024-07-02 16:42:42 DEBUG org.springframework.boot.web.servlet.filter.OrderedFormContentFilter - Filter 'formContentFilter' configured for use
2024-07-02 16:42:42 INFO  org.springframework.boot.web.embedded.tomcat.TomcatWebServer - Tomcat started on port 8080 (http) with context path '/'
2024-07-02 16:42:42 INFO  com.safetynetalerts.safetynet.SafetyNetAlertsApplication - Started SafetyNetAlertsApplication in 2.272 seconds (process running for 3.314)
2024-07-02 16:42:42 INFO  com.safetynetalerts.safetynet.SafetyNetAlertsApplication - Application started with Log4j2 configuration.
2024-07-02 16:47:41 DEBUG org.springframework.boot.web.servlet.context.AnnotationConfigServletWebServerApplicationContext - Closing org.springframework.boot.web.servlet.context.AnnotationConfigServletWebServerApplicationContext@65e7f52a, started on Tue Jul 02 16:42:41 CEST 2024
2024-07-02 16:50:56 INFO  com.safetynetalerts.safetynet.SafetyNetAlertsApplication - Starting SafetyNetAlertsApplication using Java 17.0.11 with PID 18452 (C:\Users\miche\sts-workspace\SafetyNetAlerts\target\classes started by miche in C:\Users\miche\sts-workspace\SafetyNetAlerts)
2024-07-02 16:50:56 DEBUG com.safetynetalerts.safetynet.SafetyNetAlertsApplication - Running with Spring Boot v3.3.0, Spring v6.1.8
2024-07-02 16:50:56 INFO  com.safetynetalerts.safetynet.SafetyNetAlertsApplication - No active profile set, falling back to 1 default profile: "default"
2024-07-02 16:50:56 DEBUG org.springframework.boot.web.servlet.context.AnnotationConfigServletWebServerApplicationContext - Refreshing org.springframework.boot.web.servlet.context.AnnotationConfigServletWebServerApplicationContext@cd7f1ae
2024-07-02 16:50:57 DEBUG org.springframework.boot.web.embedded.tomcat.TomcatServletWebServerFactory - Code archive: C:\Users\miche\.m2\repository\org\springframework\boot\spring-boot\3.3.0\spring-boot-3.3.0.jar
2024-07-02 16:50:57 DEBUG org.springframework.boot.web.embedded.tomcat.TomcatServletWebServerFactory - Code archive: C:\Users\miche\.m2\repository\org\springframework\boot\spring-boot\3.3.0\spring-boot-3.3.0.jar
2024-07-02 16:50:57 DEBUG org.springframework.boot.web.embedded.tomcat.TomcatServletWebServerFactory - None of the document roots [src/main/webapp, public, static] point to a directory and will be ignored.
2024-07-02 16:50:57 INFO  org.springframework.boot.web.embedded.tomcat.TomcatWebServer - Tomcat initialized with port 8080 (http)
2024-07-02 16:50:57 DEBUG org.springframework.boot.web.servlet.context.ServletWebServerApplicationContext - Published root WebApplicationContext as ServletContext attribute with name [org.springframework.web.context.WebApplicationContext.ROOT]
2024-07-02 16:50:57 INFO  org.springframework.boot.web.servlet.context.ServletWebServerApplicationContext - Root WebApplicationContext: initialization completed in 1065 ms
2024-07-02 16:50:57 DEBUG org.springframework.boot.web.servlet.ServletContextInitializerBeans - Mapping filters: webMvcObservationFilter urls=[/*] order=-2147483647, characterEncodingFilter urls=[/*] order=-2147483648, formContentFilter urls=[/*] order=-9900, requestContextFilter urls=[/*] order=-105
2024-07-02 16:50:57 DEBUG org.springframework.boot.web.servlet.ServletContextInitializerBeans - Mapping servlets: dispatcherServlet urls=[/]
2024-07-02 16:50:57 DEBUG org.springframework.boot.web.servlet.filter.OrderedRequestContextFilter - Filter 'requestContextFilter' configured for use
2024-07-02 16:50:57 DEBUG org.springframework.boot.web.servlet.filter.OrderedCharacterEncodingFilter - Filter 'characterEncodingFilter' configured for use
2024-07-02 16:50:57 DEBUG org.springframework.boot.web.servlet.filter.OrderedFormContentFilter - Filter 'formContentFilter' configured for use
2024-07-02 16:50:58 INFO  org.springframework.boot.web.embedded.tomcat.TomcatWebServer - Tomcat started on port 8080 (http) with context path '/'
2024-07-02 16:50:58 INFO  com.safetynetalerts.safetynet.SafetyNetAlertsApplication - Started SafetyNetAlertsApplication in 2.268 seconds (process running for 3.368)
2024-07-02 16:50:58 INFO  com.safetynetalerts.safetynet.SafetyNetAlertsApplication - Application started with Log4j2 configuration.
2024-07-03 12:20:23 DEBUG org.springframework.boot.web.servlet.context.AnnotationConfigServletWebServerApplicationContext - Closing org.springframework.boot.web.servlet.context.AnnotationConfigServletWebServerApplicationContext@cd7f1ae, started on Tue Jul 02 16:50:56 CEST 2024
2024-07-03 12:24:46 INFO  com.safetynetalerts.safetynet.SafetyNetAlertsApplication - Starting SafetyNetAlertsApplication using Java 17.0.11 with PID 12792 (C:\Users\miche\sts-workspace\SafetyNetAlerts\target\classes started by miche in C:\Users\miche\sts-workspace\SafetyNetAlerts)
2024-07-03 12:24:46 DEBUG com.safetynetalerts.safetynet.SafetyNetAlertsApplication - Running with Spring Boot v3.3.0, Spring v6.1.8
2024-07-03 12:24:46 INFO  com.safetynetalerts.safetynet.SafetyNetAlertsApplication - No active profile set, falling back to 1 default profile: "default"
2024-07-03 12:24:46 DEBUG org.springframework.boot.web.servlet.context.AnnotationConfigServletWebServerApplicationContext - Refreshing org.springframework.boot.web.servlet.context.AnnotationConfigServletWebServerApplicationContext@cd7f1ae
2024-07-03 12:24:47 DEBUG org.springframework.boot.web.embedded.tomcat.TomcatServletWebServerFactory - Code archive: C:\Users\miche\.m2\repository\org\springframework\boot\spring-boot\3.3.0\spring-boot-3.3.0.jar
2024-07-03 12:24:47 DEBUG org.springframework.boot.web.embedded.tomcat.TomcatServletWebServerFactory - Code archive: C:\Users\miche\.m2\repository\org\springframework\boot\spring-boot\3.3.0\spring-boot-3.3.0.jar
2024-07-03 12:24:47 DEBUG org.springframework.boot.web.embedded.tomcat.TomcatServletWebServerFactory - None of the document roots [src/main/webapp, public, static] point to a directory and will be ignored.
2024-07-03 12:24:47 INFO  org.springframework.boot.web.embedded.tomcat.TomcatWebServer - Tomcat initialized with port 8080 (http)
2024-07-03 12:24:47 DEBUG org.springframework.boot.web.servlet.context.ServletWebServerApplicationContext - Published root WebApplicationContext as ServletContext attribute with name [org.springframework.web.context.WebApplicationContext.ROOT]
2024-07-03 12:24:47 INFO  org.springframework.boot.web.servlet.context.ServletWebServerApplicationContext - Root WebApplicationContext: initialization completed in 1200 ms
2024-07-03 12:24:47 DEBUG org.springframework.boot.web.servlet.ServletContextInitializerBeans - Mapping filters: webMvcObservationFilter urls=[/*] order=-2147483647, characterEncodingFilter urls=[/*] order=-2147483648, formContentFilter urls=[/*] order=-9900, requestContextFilter urls=[/*] order=-105
2024-07-03 12:24:47 DEBUG org.springframework.boot.web.servlet.ServletContextInitializerBeans - Mapping servlets: dispatcherServlet urls=[/]
2024-07-03 12:24:47 DEBUG org.springframework.boot.web.servlet.filter.OrderedRequestContextFilter - Filter 'requestContextFilter' configured for use
2024-07-03 12:24:47 DEBUG org.springframework.boot.web.servlet.filter.OrderedCharacterEncodingFilter - Filter 'characterEncodingFilter' configured for use
2024-07-03 12:24:47 DEBUG org.springframework.boot.web.servlet.filter.OrderedFormContentFilter - Filter 'formContentFilter' configured for use
2024-07-03 12:24:48 INFO  org.springframework.boot.web.embedded.tomcat.TomcatWebServer - Tomcat started on port 8080 (http) with context path '/'
2024-07-03 12:24:48 INFO  com.safetynetalerts.safetynet.SafetyNetAlertsApplication - Started SafetyNetAlertsApplication in 2.514 seconds (process running for 3.581)
2024-07-03 12:24:48 INFO  com.safetynetalerts.safetynet.SafetyNetAlertsApplication - Application started with Log4j2 configuration.
2024-07-03 12:25:02 DEBUG com.safetynetalerts.safetynet.controller.PersonController - Fetching all persons
2024-07-03 12:25:02 DEBUG com.safetynetalerts.safetynet.service.PersonServiceImpl - Fetching all persons from repository. 
2024-07-03 12:25:02 DEBUG com.safetynetalerts.safetynet.service.PersonServiceImpl -  Converting persons to DTOs. 
2024-07-03 12:25:02 INFO  com.safetynetalerts.safetynet.controller.PersonController - Fetched all persons successfully. Number of persons: 23
2024-07-03 12:25:41 DEBUG com.safetynetalerts.safetynet.controller.FirestationController - Fetching all firestations.
2024-07-03 12:25:41 DEBUG com.safetynetalerts.safetynet.service.FirestationServiceImpl - Fetching all firestations from repository
2024-07-03 12:25:41 DEBUG com.safetynetalerts.safetynet.service.FirestationServiceImpl - Converting firestations to DTOs.
2024-07-03 12:25:41 INFO  com.safetynetalerts.safetynet.controller.FirestationController - Fetched all firestations successfully.
2024-07-03 12:27:55 DEBUG com.safetynetalerts.safetynet.controller.FirestationController - Fetching all firestations.
2024-07-03 12:27:55 DEBUG com.safetynetalerts.safetynet.service.FirestationServiceImpl - Fetching all firestations from repository
2024-07-03 12:27:55 DEBUG com.safetynetalerts.safetynet.service.FirestationServiceImpl - Converting firestations to DTOs.
2024-07-03 12:27:55 INFO  com.safetynetalerts.safetynet.controller.FirestationController - Fetched all firestations successfully.
2024-07-03 12:28:02 DEBUG org.springframework.boot.web.servlet.context.AnnotationConfigServletWebServerApplicationContext - Closing org.springframework.boot.web.servlet.context.AnnotationConfigServletWebServerApplicationContext@cd7f1ae, started on Wed Jul 03 12:24:46 CEST 2024
2024-07-03 12:28:26 INFO  com.safetynetalerts.safetynet.SafetyNetAlertsApplication - Starting SafetyNetAlertsApplication using Java 17.0.11 with PID 24152 (C:\Users\miche\sts-workspace\SafetyNetAlerts\target\classes started by miche in C:\Users\miche\sts-workspace\SafetyNetAlerts)
2024-07-03 12:28:26 DEBUG com.safetynetalerts.safetynet.SafetyNetAlertsApplication - Running with Spring Boot v3.3.0, Spring v6.1.8
2024-07-03 12:28:26 INFO  com.safetynetalerts.safetynet.SafetyNetAlertsApplication - No active profile set, falling back to 1 default profile: "default"
2024-07-03 12:28:26 DEBUG org.springframework.boot.web.servlet.context.AnnotationConfigServletWebServerApplicationContext - Refreshing org.springframework.boot.web.servlet.context.AnnotationConfigServletWebServerApplicationContext@100f9bbe
2024-07-03 12:28:27 DEBUG org.springframework.boot.web.embedded.tomcat.TomcatServletWebServerFactory - Code archive: C:\Users\miche\.m2\repository\org\springframework\boot\spring-boot\3.3.0\spring-boot-3.3.0.jar
2024-07-03 12:28:27 DEBUG org.springframework.boot.web.embedded.tomcat.TomcatServletWebServerFactory - Code archive: C:\Users\miche\.m2\repository\org\springframework\boot\spring-boot\3.3.0\spring-boot-3.3.0.jar
2024-07-03 12:28:27 DEBUG org.springframework.boot.web.embedded.tomcat.TomcatServletWebServerFactory - None of the document roots [src/main/webapp, public, static] point to a directory and will be ignored.
2024-07-03 12:28:27 INFO  org.springframework.boot.web.embedded.tomcat.TomcatWebServer - Tomcat initialized with port 8080 (http)
2024-07-03 12:28:27 DEBUG org.springframework.boot.web.servlet.context.ServletWebServerApplicationContext - Published root WebApplicationContext as ServletContext attribute with name [org.springframework.web.context.WebApplicationContext.ROOT]
2024-07-03 12:28:27 INFO  org.springframework.boot.web.servlet.context.ServletWebServerApplicationContext - Root WebApplicationContext: initialization completed in 1047 ms
2024-07-03 12:28:27 DEBUG org.springframework.boot.web.servlet.ServletContextInitializerBeans - Mapping filters: webMvcObservationFilter urls=[/*] order=-2147483647, characterEncodingFilter urls=[/*] order=-2147483648, formContentFilter urls=[/*] order=-9900, requestContextFilter urls=[/*] order=-105
2024-07-03 12:28:27 DEBUG org.springframework.boot.web.servlet.ServletContextInitializerBeans - Mapping servlets: dispatcherServlet urls=[/]
2024-07-03 12:28:28 DEBUG org.springframework.boot.web.servlet.filter.OrderedRequestContextFilter - Filter 'requestContextFilter' configured for use
2024-07-03 12:28:28 DEBUG org.springframework.boot.web.servlet.filter.OrderedCharacterEncodingFilter - Filter 'characterEncodingFilter' configured for use
2024-07-03 12:28:28 DEBUG org.springframework.boot.web.servlet.filter.OrderedFormContentFilter - Filter 'formContentFilter' configured for use
2024-07-03 12:28:28 INFO  org.springframework.boot.web.embedded.tomcat.TomcatWebServer - Tomcat started on port 8080 (http) with context path '/'
2024-07-03 12:28:28 INFO  com.safetynetalerts.safetynet.SafetyNetAlertsApplication - Started SafetyNetAlertsApplication in 2.217 seconds (process running for 3.206)
2024-07-03 12:28:28 INFO  com.safetynetalerts.safetynet.SafetyNetAlertsApplication - Application started with Log4j2 configuration.
2024-07-03 12:28:36 DEBUG com.safetynetalerts.safetynet.controller.PersonController - Fetching all persons
2024-07-03 12:28:36 DEBUG com.safetynetalerts.safetynet.service.PersonServiceImpl - Fetching all persons from repository. 
2024-07-03 12:28:36 DEBUG com.safetynetalerts.safetynet.service.PersonServiceImpl -  Converting persons to DTOs. 
2024-07-03 12:28:36 INFO  com.safetynetalerts.safetynet.controller.PersonController - Fetched all persons successfully. Number of persons: 23
2024-07-03 12:28:41 DEBUG com.safetynetalerts.safetynet.controller.FirestationController - Fetching all firestations.
2024-07-03 12:28:41 DEBUG com.safetynetalerts.safetynet.service.FirestationServiceImpl - Fetching all firestations from repository
2024-07-03 12:28:41 DEBUG com.safetynetalerts.safetynet.service.FirestationServiceImpl - Converting firestations to DTOs.
2024-07-03 12:28:41 INFO  com.safetynetalerts.safetynet.controller.FirestationController - Fetched all firestations successfully. Number of firestations: 13 
2024-07-03 12:30:14 DEBUG org.springframework.boot.web.servlet.context.AnnotationConfigServletWebServerApplicationContext - Closing org.springframework.boot.web.servlet.context.AnnotationConfigServletWebServerApplicationContext@100f9bbe, started on Wed Jul 03 12:28:26 CEST 2024
2024-07-03 13:26:12 INFO  com.safetynetalerts.safetynet.SafetyNetAlertsApplication - Starting SafetyNetAlertsApplication using Java 17.0.11 with PID 16756 (C:\Users\miche\sts-workspace\SafetyNetAlerts\target\classes started by miche in C:\Users\miche\sts-workspace\SafetyNetAlerts)
2024-07-03 13:26:12 DEBUG com.safetynetalerts.safetynet.SafetyNetAlertsApplication - Running with Spring Boot v3.3.0, Spring v6.1.8
2024-07-03 13:26:12 INFO  com.safetynetalerts.safetynet.SafetyNetAlertsApplication - No active profile set, falling back to 1 default profile: "default"
2024-07-03 13:26:12 DEBUG org.springframework.boot.web.servlet.context.AnnotationConfigServletWebServerApplicationContext - Refreshing org.springframework.boot.web.servlet.context.AnnotationConfigServletWebServerApplicationContext@673bb956
2024-07-03 13:26:13 DEBUG org.springframework.boot.web.embedded.tomcat.TomcatServletWebServerFactory - Code archive: C:\Users\miche\.m2\repository\org\springframework\boot\spring-boot\3.3.0\spring-boot-3.3.0.jar
2024-07-03 13:26:13 DEBUG org.springframework.boot.web.embedded.tomcat.TomcatServletWebServerFactory - Code archive: C:\Users\miche\.m2\repository\org\springframework\boot\spring-boot\3.3.0\spring-boot-3.3.0.jar
2024-07-03 13:26:13 DEBUG org.springframework.boot.web.embedded.tomcat.TomcatServletWebServerFactory - None of the document roots [src/main/webapp, public, static] point to a directory and will be ignored.
2024-07-03 13:26:13 INFO  org.springframework.boot.web.embedded.tomcat.TomcatWebServer - Tomcat initialized with port 8080 (http)
2024-07-03 13:26:13 DEBUG org.springframework.boot.web.servlet.context.ServletWebServerApplicationContext - Published root WebApplicationContext as ServletContext attribute with name [org.springframework.web.context.WebApplicationContext.ROOT]
2024-07-03 13:26:13 INFO  org.springframework.boot.web.servlet.context.ServletWebServerApplicationContext - Root WebApplicationContext: initialization completed in 1108 ms
2024-07-03 13:26:13 DEBUG org.springframework.boot.web.servlet.ServletContextInitializerBeans - Mapping filters: webMvcObservationFilter urls=[/*] order=-2147483647, characterEncodingFilter urls=[/*] order=-2147483648, formContentFilter urls=[/*] order=-9900, requestContextFilter urls=[/*] order=-105
2024-07-03 13:26:13 DEBUG org.springframework.boot.web.servlet.ServletContextInitializerBeans - Mapping servlets: dispatcherServlet urls=[/]
2024-07-03 13:26:13 DEBUG org.springframework.boot.web.servlet.filter.OrderedRequestContextFilter - Filter 'requestContextFilter' configured for use
2024-07-03 13:26:13 DEBUG org.springframework.boot.web.servlet.filter.OrderedCharacterEncodingFilter - Filter 'characterEncodingFilter' configured for use
2024-07-03 13:26:13 DEBUG org.springframework.boot.web.servlet.filter.OrderedFormContentFilter - Filter 'formContentFilter' configured for use
2024-07-03 13:26:13 INFO  org.springframework.boot.web.embedded.tomcat.TomcatWebServer - Tomcat started on port 8080 (http) with context path '/'
2024-07-03 13:26:13 INFO  com.safetynetalerts.safetynet.SafetyNetAlertsApplication - Started SafetyNetAlertsApplication in 2.213 seconds (process running for 3.17)
2024-07-03 13:26:13 INFO  com.safetynetalerts.safetynet.SafetyNetAlertsApplication - Application started with Log4j2 configuration.
2024-07-03 13:26:28 DEBUG com.safetynetalerts.safetynet.interceptor.LoggingInterceptor - Incoming request: GET /person
2024-07-03 13:26:28 DEBUG com.safetynetalerts.safetynet.controller.PersonController - Fetching all persons
2024-07-03 13:26:28 DEBUG com.safetynetalerts.safetynet.service.PersonServiceImpl - Fetching all persons from repository. 
2024-07-03 13:26:28 DEBUG com.safetynetalerts.safetynet.service.PersonServiceImpl -  Converting persons to DTOs. 
2024-07-03 13:26:28 INFO  com.safetynetalerts.safetynet.controller.PersonController - Fetched all persons successfully. Number of persons: 23
2024-07-03 13:26:28 INFO  com.safetynetalerts.safetynet.interceptor.LoggingInterceptor - Response: GET /person with status 200 .
2024-07-03 13:26:37 DEBUG com.safetynetalerts.safetynet.interceptor.LoggingInterceptor - Incoming request: GET /firestation
2024-07-03 13:26:37 DEBUG com.safetynetalerts.safetynet.controller.FirestationController - Fetching all firestations.
2024-07-03 13:26:37 DEBUG com.safetynetalerts.safetynet.service.FirestationServiceImpl - Fetching all firestations from repository
2024-07-03 13:26:37 DEBUG com.safetynetalerts.safetynet.service.FirestationServiceImpl - Converting firestations to DTOs.
2024-07-03 13:26:37 INFO  com.safetynetalerts.safetynet.controller.FirestationController - Fetched all firestations successfully. Number of firestations: 13 
2024-07-03 13:26:37 INFO  com.safetynetalerts.safetynet.interceptor.LoggingInterceptor - Response: GET /firestation with status 200 .
2024-07-03 13:26:46 DEBUG com.safetynetalerts.safetynet.controller.MedicalRecordController - Fetching all medical records
2024-07-03 13:26:46 DEBUG com.safetynetalerts.safetynet.service.MedicalRecordServiceImpl - Fetching all medical records from repository. 
2024-07-03 13:26:46 DEBUG com.safetynetalerts.safetynet.service.MedicalRecordServiceImpl - Converting medicalRecords to DTOs.
2024-07-03 13:26:46 INFO  com.safetynetalerts.safetynet.controller.MedicalRecordController - Fetched all medical records successfully
2024-07-03 13:27:48 DEBUG com.safetynetalerts.safetynet.controller.MedicalRecordController - Fetching all medical records
2024-07-03 13:27:48 DEBUG com.safetynetalerts.safetynet.service.MedicalRecordServiceImpl - Fetching all medical records from repository. 
2024-07-03 13:27:48 DEBUG com.safetynetalerts.safetynet.service.MedicalRecordServiceImpl - Converting medicalRecords to DTOs.
2024-07-03 13:27:48 INFO  com.safetynetalerts.safetynet.controller.MedicalRecordController - Fetched all medical records successfully
2024-07-03 13:28:03 DEBUG com.safetynetalerts.safetynet.controller.MedicalRecordController - Fetching all medical records
2024-07-03 13:28:03 DEBUG com.safetynetalerts.safetynet.service.MedicalRecordServiceImpl - Fetching all medical records from repository. 
2024-07-03 13:28:03 DEBUG com.safetynetalerts.safetynet.service.MedicalRecordServiceImpl - Converting medicalRecords to DTOs.
2024-07-03 13:28:03 INFO  com.safetynetalerts.safetynet.controller.MedicalRecordController - Fetched all medical records successfully
2024-07-03 13:28:07 DEBUG org.springframework.boot.web.servlet.context.AnnotationConfigServletWebServerApplicationContext - Closing org.springframework.boot.web.servlet.context.AnnotationConfigServletWebServerApplicationContext@673bb956, started on Wed Jul 03 13:26:12 CEST 2024
2024-07-03 13:28:28 INFO  com.safetynetalerts.safetynet.SafetyNetAlertsApplication - Starting SafetyNetAlertsApplication using Java 17.0.11 with PID 20192 (C:\Users\miche\sts-workspace\SafetyNetAlerts\target\classes started by miche in C:\Users\miche\sts-workspace\SafetyNetAlerts)
2024-07-03 13:28:28 DEBUG com.safetynetalerts.safetynet.SafetyNetAlertsApplication - Running with Spring Boot v3.3.0, Spring v6.1.8
2024-07-03 13:28:28 INFO  com.safetynetalerts.safetynet.SafetyNetAlertsApplication - No active profile set, falling back to 1 default profile: "default"
2024-07-03 13:28:28 DEBUG org.springframework.boot.web.servlet.context.AnnotationConfigServletWebServerApplicationContext - Refreshing org.springframework.boot.web.servlet.context.AnnotationConfigServletWebServerApplicationContext@100f9bbe
2024-07-03 13:28:29 DEBUG org.springframework.boot.web.embedded.tomcat.TomcatServletWebServerFactory - Code archive: C:\Users\miche\.m2\repository\org\springframework\boot\spring-boot\3.3.0\spring-boot-3.3.0.jar
2024-07-03 13:28:29 DEBUG org.springframework.boot.web.embedded.tomcat.TomcatServletWebServerFactory - Code archive: C:\Users\miche\.m2\repository\org\springframework\boot\spring-boot\3.3.0\spring-boot-3.3.0.jar
2024-07-03 13:28:29 DEBUG org.springframework.boot.web.embedded.tomcat.TomcatServletWebServerFactory - None of the document roots [src/main/webapp, public, static] point to a directory and will be ignored.
2024-07-03 13:28:29 INFO  org.springframework.boot.web.embedded.tomcat.TomcatWebServer - Tomcat initialized with port 8080 (http)
2024-07-03 13:28:29 DEBUG org.springframework.boot.web.servlet.context.ServletWebServerApplicationContext - Published root WebApplicationContext as ServletContext attribute with name [org.springframework.web.context.WebApplicationContext.ROOT]
2024-07-03 13:28:29 INFO  org.springframework.boot.web.servlet.context.ServletWebServerApplicationContext - Root WebApplicationContext: initialization completed in 1063 ms
2024-07-03 13:28:29 DEBUG org.springframework.boot.web.servlet.ServletContextInitializerBeans - Mapping filters: webMvcObservationFilter urls=[/*] order=-2147483647, characterEncodingFilter urls=[/*] order=-2147483648, formContentFilter urls=[/*] order=-9900, requestContextFilter urls=[/*] order=-105
2024-07-03 13:28:29 DEBUG org.springframework.boot.web.servlet.ServletContextInitializerBeans - Mapping servlets: dispatcherServlet urls=[/]
2024-07-03 13:28:29 DEBUG org.springframework.boot.web.servlet.filter.OrderedRequestContextFilter - Filter 'requestContextFilter' configured for use
2024-07-03 13:28:29 DEBUG org.springframework.boot.web.servlet.filter.OrderedCharacterEncodingFilter - Filter 'characterEncodingFilter' configured for use
2024-07-03 13:28:29 DEBUG org.springframework.boot.web.servlet.filter.OrderedFormContentFilter - Filter 'formContentFilter' configured for use
2024-07-03 13:28:30 INFO  org.springframework.boot.web.embedded.tomcat.TomcatWebServer - Tomcat started on port 8080 (http) with context path '/'
2024-07-03 13:28:30 INFO  com.safetynetalerts.safetynet.SafetyNetAlertsApplication - Started SafetyNetAlertsApplication in 2.212 seconds (process running for 3.198)
2024-07-03 13:28:30 INFO  com.safetynetalerts.safetynet.SafetyNetAlertsApplication - Application started with Log4j2 configuration.
2024-07-03 13:28:37 DEBUG com.safetynetalerts.safetynet.interceptor.LoggingInterceptor - Incoming request: GET /person
2024-07-03 13:28:37 DEBUG com.safetynetalerts.safetynet.controller.PersonController - Fetching all persons
2024-07-03 13:28:37 DEBUG com.safetynetalerts.safetynet.service.PersonServiceImpl - Fetching all persons from repository. 
2024-07-03 13:28:37 DEBUG com.safetynetalerts.safetynet.service.PersonServiceImpl -  Converting persons to DTOs. 
2024-07-03 13:28:37 INFO  com.safetynetalerts.safetynet.controller.PersonController - Fetched all persons successfully. Number of persons: 23
2024-07-03 13:28:37 INFO  com.safetynetalerts.safetynet.interceptor.LoggingInterceptor - Response: GET /person with status 200 .
2024-07-03 13:28:42 DEBUG com.safetynetalerts.safetynet.interceptor.LoggingInterceptor - Incoming request: GET /firestation
2024-07-03 13:28:42 DEBUG com.safetynetalerts.safetynet.controller.FirestationController - Fetching all firestations.
2024-07-03 13:28:42 DEBUG com.safetynetalerts.safetynet.service.FirestationServiceImpl - Fetching all firestations from repository
2024-07-03 13:28:42 DEBUG com.safetynetalerts.safetynet.service.FirestationServiceImpl - Converting firestations to DTOs.
2024-07-03 13:28:42 INFO  com.safetynetalerts.safetynet.controller.FirestationController - Fetched all firestations successfully. Number of firestations: 13 
2024-07-03 13:28:42 INFO  com.safetynetalerts.safetynet.interceptor.LoggingInterceptor - Response: GET /firestation with status 200 .
2024-07-03 13:28:47 DEBUG com.safetynetalerts.safetynet.interceptor.LoggingInterceptor - Incoming request: GET /medicalRecords
2024-07-03 13:28:47 DEBUG com.safetynetalerts.safetynet.controller.MedicalRecordController - Fetching all medical records
2024-07-03 13:28:47 DEBUG com.safetynetalerts.safetynet.service.MedicalRecordServiceImpl - Fetching all medical records from repository. 
2024-07-03 13:28:47 DEBUG com.safetynetalerts.safetynet.service.MedicalRecordServiceImpl - Converting medicalRecords to DTOs.
2024-07-03 13:28:47 INFO  com.safetynetalerts.safetynet.controller.MedicalRecordController - Fetched all medical records successfully
2024-07-03 13:28:47 INFO  com.safetynetalerts.safetynet.interceptor.LoggingInterceptor - Response: GET /medicalRecords with status 200 .
2024-07-03 13:34:46 DEBUG org.springframework.boot.web.servlet.context.AnnotationConfigServletWebServerApplicationContext - Closing org.springframework.boot.web.servlet.context.AnnotationConfigServletWebServerApplicationContext@100f9bbe, started on Wed Jul 03 13:28:28 CEST 2024
